<?xml version="1.0" encoding="UTF-8"?>
<!-- Generated by org.testng.reporters.JUnitReportReporter -->
<testsuite hostname="LAPTOP-3DJ5EE6T" failures="0" tests="1" name="restAssured.SoapRequest" time="3.966" errors="0" timestamp="2024-10-09T23:51:41 IST" skipped="0">
  <testcase classname="restAssured.SoapRequest" name="post" time="3.966"/>
</testsuite> <!-- restAssured.SoapRequest -->
