<?xml version="1.0" encoding="UTF-8"?>
<!-- Generated by org.testng.reporters.JUnitReportReporter -->
<testsuite hostname="LAPTOP-3DJ5EE6T" failures="0" tests="2" name="restAssured.Practice" time="2.617" errors="0" timestamp="2024-09-25T23:20:25 IST" skipped="0">
  <testcase classname="restAssured.Practice" name="test1" time="2.470"/>
  <testcase classname="restAssured.Practice" name="test2" time="0.147"/>
</testsuite> <!-- restAssured.Practice -->
