<?xml version="1.0" encoding="UTF-8"?>
<!-- Generated by org.testng.reporters.JUnitReportReporter -->
<testsuite hostname="LAPTOP-3DJ5EE6T" failures="0" tests="1" name="restAssured.PostExamples" time="2.329" errors="0" timestamp="2024-09-27T23:22:04 IST" skipped="0">
  <testcase classname="restAssured.PostExamples" name="postTest" time="2.329"/>
</testsuite> <!-- restAssured.PostExamples -->
