<?xml version="1.0" encoding="UTF-8"?>
<!-- Generated by org.testng.reporters.JUnitReportReporter -->
<testsuite hostname="LAPTOP-3DJ5EE6T" failures="0" tests="5" name="restAssured.LocalHost" time="1.694" errors="0" timestamp="2024-10-02T23:45:37 IST" skipped="3">
  <testcase classname="restAssured.LocalHost" name="delete" time="1.588"/>
  <testcase classname="restAssured.LocalHost" name="patch" time="0.106"/>
  <testcase classname="restAssured.LocalHost" name="get">
    <skipped/>
  </testcase> <!-- get -->
  <testcase classname="restAssured.LocalHost" name="put">
    <skipped/>
  </testcase> <!-- put -->
  <testcase classname="restAssured.LocalHost" name="post">
    <skipped/>
  </testcase> <!-- post -->
</testsuite> <!-- restAssured.LocalHost -->
