<?xml version="1.0" encoding="UTF-8"?>
<!-- Generated by org.testng.reporters.JUnitReportReporter -->
<testsuite hostname="LAPTOP-3DJ5EE6T" failures="0" tests="1" name="restAssured.PutExamples$PatchExamples" time="0.866" errors="0" timestamp="2024-09-28T00:01:43 IST" skipped="0">
  <testcase classname="restAssured.PutExamples$PatchExamples" name="patchTest" time="0.866"/>
</testsuite> <!-- restAssured.PutExamples$PatchExamples -->
